<?xml version="1.0" encoding="UTF-8"?>
<beans xmlns="http://www.springframework.org/schema/beans"
       xmlns:xsi="http://www.w3.org/2001/XMLSchema-instance"
       xmlns:context="http://www.springframework.org/schema/context"
       xmlns:p="http://www.springframework.org/schema/p"
       xsi:schemaLocation="http://www.springframework.org/schema/beans http://www.springframework.org/schema/beans/spring-beans.xsd http://www.springframework.org/schema/context http://www.springframework.org/schema/context/spring-context.xsd">
    <context:annotation-config/>
    <context:component-scan base-package="foo.bar"/>

    <bean class="foo.bar.performer.impl.PlayerVocalist">
        <constructor-arg name="instrument">
            <bean class="foo.bar.instrument.impl.Guitar"/>
        </constructor-arg>
        <constructor-arg name="song">
            <bean class="foo.bar.song.Song">
                <constructor-arg name="name" value="Название песни"/>
                <constructor-arg name="text" value="Текст песни"/>
            </bean>
        </constructor-arg>
    </bean>

</beans>